<?xml version="1.0" encoding="UTF-8"?>
<testng-results skipped="0" failed="0" ignored="0" total="2" passed="2">
  <reporter-output>
  </reporter-output>
  <suite name="Default suite" duration-ms="18527" started-at="2021-07-19T10:10:49Z" finished-at="2021-07-19T10:11:07Z">
    <groups>
    </groups>
    <test name="Default test" duration-ms="18527" started-at="2021-07-19T10:10:49Z" finished-at="2021-07-19T10:11:07Z">
      <class name="com.W3.qa.testcases.LoginPageTest">
        <test-method status="PASS" signature="setUp()[pri:0, instance:com.W3.qa.testcases.LoginPageTest@711f39f9]" name="setUp" is-config="true" duration-ms="10564" started-at="2021-07-19T15:40:49Z" finished-at="2021-07-19T15:40:59Z">
          <reporter-output>
          </reporter-output>
        </test-method> <!-- setUp -->
        <test-method status="PASS" signature="titleTest()[pri:1, instance:com.W3.qa.testcases.LoginPageTest@711f39f9]" name="titleTest" duration-ms="9" started-at="2021-07-19T15:40:59Z" finished-at="2021-07-19T15:40:59Z">
          <reporter-output>
          </reporter-output>
        </test-method> <!-- titleTest -->
        <test-method status="PASS" signature="tearDown()[pri:0, instance:com.W3.qa.testcases.LoginPageTest@711f39f9]" name="tearDown" is-config="true" duration-ms="1208" started-at="2021-07-19T15:40:59Z" finished-at="2021-07-19T15:41:00Z">
          <reporter-output>
          </reporter-output>
        </test-method> <!-- tearDown -->
        <test-method status="PASS" signature="setUp()[pri:0, instance:com.W3.qa.testcases.LoginPageTest@711f39f9]" name="setUp" is-config="true" duration-ms="5345" started-at="2021-07-19T15:41:00Z" finished-at="2021-07-19T15:41:06Z">
          <reporter-output>
          </reporter-output>
        </test-method> <!-- setUp -->
        <test-method status="PASS" signature="loginTest()[pri:2, instance:com.W3.qa.testcases.LoginPageTest@711f39f9]" name="loginTest" duration-ms="222" started-at="2021-07-19T15:41:06Z" finished-at="2021-07-19T15:41:06Z">
          <reporter-output>
          </reporter-output>
        </test-method> <!-- loginTest -->
        <test-method status="PASS" signature="tearDown()[pri:0, instance:com.W3.qa.testcases.LoginPageTest@711f39f9]" name="tearDown" is-config="true" duration-ms="1173" started-at="2021-07-19T15:41:06Z" finished-at="2021-07-19T15:41:07Z">
          <reporter-output>
          </reporter-output>
        </test-method> <!-- tearDown -->
      </class> <!-- com.W3.qa.testcases.LoginPageTest -->
    </test> <!-- Default test -->
  </suite> <!-- Default suite -->
</testng-results>
